[    0.000000] Linux version 4.15.0-212-generic (buildd@lcy02-amd64-083) (gcc version 7.5.0 (Ubuntu 7.5.0-3ubuntu1~18.04)) #223-Ubuntu SMP Tue May 23 13:09:22 UTC 2023 (Ubuntu 4.15.0-212.223-generic 4.15.18)
[    0.000000] Command line: BOOT_IMAGE=/boot/vmlinuz-4.15.0-212-generic root=LABEL=cloudimg-rootfs ro console=tty1 console=ttyS0
[    0.000000] KERNEL supported cpus:
[    0.000000]   Intel GenuineIntel
[    0.000000]   AMD AuthenticAMD
[    0.000000]   Centaur CentaurHauls
[    0.000000] x86/fpu: x87 FPU will use FXSAVE
[    0.000000] e820: BIOS-provided physical RAM map:
[    0.000000] BIOS-e820: [mem 0x0000000000000000-0x000000000009fbff] usable
[    0.000000] BIOS-e820: [mem 0x000000000009fc00-0x000000000009ffff] reserved
[    0.000000] BIOS-e820: [mem 0x00000000000f0000-0x00000000000fffff] reserved
[    0.000000] BIOS-e820: [mem 0x0000000000100000-0x00000000dffeffff] usable
[    0.000000] BIOS-e820: [mem 0x00000000dfff0000-0x00000000dfffffff] ACPI data
[    0.000000] BIOS-e820: [mem 0x00000000fec00000-0x00000000fec00fff] reserved
[    0.000000] BIOS-e820: [mem 0x00000000fee00000-0x00000000fee00fff] reserved
[    0.000000] BIOS-e820: [mem 0x00000000fffc0000-0x00000000ffffffff] reserved
[    0.000000] BIOS-e820: [mem 0x0000000100000000-0x000000011fffffff] usable
[    0.000000] NX (Execute Disable) protection: active
[    0.000000] SMBIOS 2.5 present.
[    0.000000] DMI: innotek GmbH VirtualBox/VirtualBox, BIOS VirtualBox 12/01/2006
[    0.000000] Hypervisor detected: KVM
[    0.000000] e820: last_pfn = 0x120000 max_arch_pfn = 0x400000000
[    0.000000] MTRR: Disabled
[    0.000000] x86/PAT: MTRRs disabled, skipping PAT initialization too.
[    0.000000] CPU MTRRs all blank - virtualized system.
[    0.000000] x86/PAT: Configuration [0-7]: WB  WT  UC- UC  WB  WT  UC- UC  
[    0.000000] e820: last_pfn = 0xdfff0 max_arch_pfn = 0x400000000
[    0.000000] found SMP MP-table at [mem 0x0009fff0-0x0009ffff]
[    0.000000] Scanning 1 areas for low memory corruption
[    0.000000] RAMDISK: [mem 0x359cb000-0x36cdcfff]
[    0.000000] ACPI: Early table checksum verification disabled
[    0.000000] ACPI: RSDP 0x00000000000E0000 000024 (v02 VBOX  )
[    0.000000] ACPI: XSDT 0x00000000DFFF0030 00003C (v01 VBOX   VBOXXSDT 00000001 ASL  00000061)
[    0.000000] ACPI: FACP 0x00000000DFFF00F0 0000F4 (v04 VBOX   VBOXFACP 00000001 ASL  00000061)
[    0.000000] ACPI: DSDT 0x00000000DFFF0610 002353 (v02 VBOX   VBOXBIOS 00000002 INTL 20100528)
[    0.000000] ACPI: FACS 0x00000000DFFF0200 000040
[    0.000000] ACPI: FACS 0x00000000DFFF0200 000040
[    0.000000] ACPI: APIC 0x00000000DFFF0240 00005C (v02 VBOX   VBOXAPIC 00000001 ASL  00000061)
[    0.000000] ACPI: SSDT 0x00000000DFFF02A0 00036C (v01 VBOX   VBOXCPUT 00000002 INTL 20100528)
[    0.000000] ACPI: Reserving FACP table memory at [mem 0xdfff00f0-0xdfff01e3]
[    0.000000] ACPI: Reserving DSDT table memory at [mem 0xdfff0610-0xdfff2962]
[    0.000000] ACPI: Reserving FACS table memory at [mem 0xdfff0200-0xdfff023f]
[    0.000000] ACPI: Reserving FACS table memory at [mem 0xdfff0200-0xdfff023f]
[    0.000000] ACPI: Reserving APIC table memory at [mem 0xdfff0240-0xdfff029b]
[    0.000000] ACPI: Reserving SSDT table memory at [mem 0xdfff02a0-0xdfff060b]
[    0.000000] No NUMA configuration found
[    0.000000] Faking a node at [mem 0x0000000000000000-0x000000011fffffff]
[    0.000000] NODE_DATA(0) allocated [mem 0x11ffd1000-0x11fffbfff]
[    0.000000] kvm-clock: cpu 0, msr 1:1ff50001, primary cpu clock
[    0.000000] kvm-clock: Using msrs 4b564d01 and 4b564d00
[    0.000000] kvm-clock: using sched offset of 4517089538 cycles
[    0.000000] clocksource: kvm-clock: mask: 0xffffffffffffffff max_cycles: 0x1cd42e4dffb, max_idle_ns: 881590591483 ns
[    0.000000] Zone ranges:
[    0.000000]   DMA      [mem 0x0000000000001000-0x0000000000ffffff]
[    0.000000]   DMA32    [mem 0x0000000001000000-0x00000000ffffffff]
[    0.000000]   Normal   [mem 0x0000000100000000-0x000000011fffffff]
[    0.000000]   Device   empty
[    0.000000] Movable zone start for each node
[    0.000000] Early memory node ranges
[    0.000000]   node   0: [mem 0x0000000000001000-0x000000000009efff]
[    0.000000]   node   0: [mem 0x0000000000100000-0x00000000dffeffff]
[    0.000000]   node   0: [mem 0x0000000100000000-0x000000011fffffff]
[    0.000000] Reserved but unavailable: 104 pages
[    0.000000] Initmem setup node 0 [mem 0x0000000000001000-0x000000011fffffff]
[    0.000000] ACPI: PM-Timer IO Port: 0x4008
[    0.000000] IOAPIC[0]: apic_id 2, version 32, address 0xfec00000, GSI 0-23
[    0.000000] ACPI: INT_SRC_OVR (bus 0 bus_irq 0 global_irq 2 dfl dfl)
[    0.000000] ACPI: INT_SRC_OVR (bus 0 bus_irq 9 global_irq 9 low level)
[    0.000000] Using ACPI (MADT) for SMP configuration information
[    0.000000] smpboot: Allowing 2 CPUs, 0 hotplug CPUs
[    0.000000] PM: Registered nosave memory: [mem 0x00000000-0x00000fff]
[    0.000000] PM: Registered nosave memory: [mem 0x0009f000-0x0009ffff]
[    0.000000] PM: Registered nosave memory: [mem 0x000a0000-0x000effff]
[    0.000000] PM: Registered nosave memory: [mem 0x000f0000-0x000fffff]
[    0.000000] PM: Registered nosave memory: [mem 0xdfff0000-0xdfffffff]
[    0.000000] PM: Registered nosave memory: [mem 0xe0000000-0xfebfffff]
[    0.000000] PM: Registered nosave memory: [mem 0xfec00000-0xfec00fff]
[    0.000000] PM: Registered nosave memory: [mem 0xfec01000-0xfedfffff]
[    0.000000] PM: Registered nosave memory: [mem 0xfee00000-0xfee00fff]
[    0.000000] PM: Registered nosave memory: [mem 0xfee01000-0xfffbffff]
[    0.000000] PM: Registered nosave memory: [mem 0xfffc0000-0xffffffff]
[    0.000000] e820: [mem 0xe0000000-0xfebfffff] available for PCI devices
[    0.000000] Booting paravirtualized kernel on KVM
[    0.000000] clocksource: refined-jiffies: mask: 0xffffffff max_cycles: 0xffffffff, max_idle_ns: 7645519600211568 ns
[    0.000000] setup_percpu: NR_CPUS:8192 nr_cpumask_bits:2 nr_cpu_ids:2 nr_node_ids:1
[    0.000000] percpu: Embedded 50 pages/cpu s167936 r8192 d28672 u1048576
[    0.000000] PV qspinlock hash table entries: 256 (order: 0, 4096 bytes)
[    0.000000] Built 1 zonelists, mobility grouping on.  Total pages: 1032057
[    0.000000] Policy zone: Normal
[    0.000000] Kernel command line: BOOT_IMAGE=/boot/vmlinuz-4.15.0-212-generic root=LABEL=cloudimg-rootfs ro console=tty1 console=ttyS0
[    0.000000] Memory: 4013252K/4193848K available (12300K kernel code, 2477K rwdata, 4324K rodata, 2480K init, 2720K bss, 180596K reserved, 0K cma-reserved)
[    0.000000] SLUB: HWalign=64, Order=0-3, MinObjects=0, CPUs=2, Nodes=1
[    0.000000] ftrace: allocating 39508 entries in 155 pages
[    0.004000] Hierarchical RCU implementation.
[    0.004000] 	RCU restricting CPUs from NR_CPUS=8192 to nr_cpu_ids=2.
[    0.004000] 	Tasks RCU enabled.
[    0.004000] RCU: Adjusting geometry for rcu_fanout_leaf=16, nr_cpu_ids=2
[    0.004000] NR_IRQS: 524544, nr_irqs: 440, preallocated irqs: 16
[    0.004000] random: crng init done
[    0.004000] Console: colour VGA+ 80x25
[    0.004000] console [tty1] enabled
[    0.004000] console [ttyS0] enabled
[    0.004000] ACPI: Core revision 20170831
[    0.004000] ACPI: 2 ACPI AML tables successfully acquired and loaded
[    0.004000] APIC: Switch to symmetric I/O mode setup
[    0.008000] ..TIMER: vector=0x30 apic1=0 pin1=2 apic2=-1 pin2=-1
[    0.008009] tsc: Detected 1800.005 MHz processor
[    0.012019] Calibrating delay loop (skipped) preset value.. 3600.01 BogoMIPS (lpj=7200020)
[    0.016008] pid_max: default: 32768 minimum: 301
[    0.020126] Security Framework initialized
[    0.024008] Yama: becoming mindful.
[    0.028149] AppArmor: AppArmor initialized
[    0.054142] Dentry cache hash table entries: 524288 (order: 10, 4194304 bytes)
[    0.068099] Inode-cache hash table entries: 262144 (order: 9, 2097152 bytes)
[    0.072445] Mount-cache hash table entries: 8192 (order: 4, 65536 bytes)
[    0.076350] Mountpoint-cache hash table entries: 8192 (order: 4, 65536 bytes)
[    0.085838] Last level iTLB entries: 4KB 64, 2MB 8, 4MB 8
[    0.088004] Last level dTLB entries: 4KB 64, 2MB 0, 4MB 0, 1GB 4
[    0.092007] Spectre V1 : Mitigation: usercopy/swapgs barriers and __user pointer sanitization
[    0.096006] Spectre V2 : Mitigation: Enhanced IBRS
[    0.100003] Spectre V2 : Spectre v2 / SpectreRSB mitigation: Filling RSB on context switch
[    0.104004] Spectre V2 : Spectre v2 / PBRSB-eIBRS: Retire a single CALL on VMEXIT
[    0.108008] RETBleed: Mitigation: Enhanced IBRS
[    0.112005] Speculative Store Bypass: Vulnerable
[    0.116076] MMIO Stale Data: Vulnerable: Clear CPU buffers attempted, no microcode
[    0.120009] SRBDS: Unknown: Dependent on hypervisor status
[    0.124242] Freeing SMP alternatives memory: 36K
[    0.242893] APIC calibration not consistent with PM-Timer: 102ms instead of 100ms
[    0.244000] APIC delta adjusted to PM-Timer: 6281490 (6419999)
[    0.244430] smpboot: CPU0: Intel(R) Core(TM) i5-8265U CPU @ 1.60GHz (family: 0x6, model: 0x8e, stepping: 0xc)
[    0.248653] Performance Events: unsupported p6 CPU model 142 no PMU driver, software events only.
[    0.252165] Hierarchical SRCU implementation.
[    0.257365] NMI watchdog: Perf event create on CPU 0 failed with -2
[    0.260006] NMI watchdog: Perf NMI watchdog permanently disabled
[    0.264509] smp: Bringing up secondary CPUs ...
[    0.269235] x86: Booting SMP configuration:
[    0.272120] .... node  #0, CPUs:      #1
[    0.004000] kvm-clock: cpu 1, msr 1:1ff50041, secondary cpu clock
[    0.287971] TSC synchronization [CPU#0 -> CPU#1]:
[    0.288000] Measured 40442 cycles TSC warp between CPUs, turning off TSC clock.
[    0.288000] tsc: Marking TSC unstable due to check_tsc_sync_source failed
[    0.292380] smp: Brought up 1 node, 2 CPUs
[    0.296012] smpboot: Max logical packages: 1
[    0.300008] smpboot: Total of 2 processors activated (7200.02 BogoMIPS)
[    0.308010] devtmpfs: initialized
[    0.312172] x86/mm: Memory block size: 128MB
[    0.320332] evm: security.selinux
[    0.324006] evm: security.SMACK64
[    0.328008] evm: security.SMACK64EXEC
[    0.332006] evm: security.SMACK64TRANSMUTE
[    0.336007] evm: security.SMACK64MMAP
[    0.340008] evm: security.apparmor
[    0.344010] evm: security.ima
[    0.348007] evm: security.capability
[    0.352632] clocksource: jiffies: mask: 0xffffffff max_cycles: 0xffffffff, max_idle_ns: 7645041785100000 ns
[    0.356030] futex hash table entries: 512 (order: 3, 32768 bytes)
[    0.360333] pinctrl core: initialized pinctrl subsystem
[    0.365010] RTC time: 20:05:04, date: 11/24/24
[    0.369936] NET: Registered protocol family 16
[    0.376040] audit: initializing netlink subsys (disabled)
[    0.380377] audit: type=2000 audit(1732478710.162:1): state=initialized audit_enabled=0 res=1
[    0.396011] cpuidle: using governor ladder
[    0.400023] cpuidle: using governor menu
[    0.404198] ACPI: bus type PCI registered
[    0.408008] acpiphp: ACPI Hot Plug PCI Controller Driver version: 0.5
[    0.412699] PCI: Using configuration type 1 for base access
[    0.424461] HugeTLB registered 2.00 MiB page size, pre-allocated 0 pages
[    0.444637] ACPI: Added _OSI(Module Device)
[    0.456145] ACPI: Added _OSI(Processor Device)
[    0.460005] ACPI: Added _OSI(3.0 _SCP Extensions)
[    0.468005] ACPI: Added _OSI(Processor Aggregator Device)
[    0.480007] ACPI: Added _OSI(Linux-Dell-Video)
[    0.488006] ACPI: Added _OSI(Linux-Lenovo-NV-HDMI-Audio)
[    0.496013] ACPI: Added _OSI(Linux-HPI-Hybrid-Graphics)
[    0.509594] ACPI: Executed 1 blocks of module-level executable AML code
[    0.529635] ACPI: Interpreter enabled
[    0.536033] ACPI: (supports S0 S5)
[    0.544008] ACPI: Using IOAPIC for interrupt routing
[    0.552903] PCI: Using host bridge windows from ACPI; if necessary, use "pci=nocrs" and report a bug
[    0.572590] ACPI: Enabled 2 GPEs in block 00 to 07
[    0.604174] ACPI: PCI Root Bridge [PCI0] (domain 0000 [bus 00-ff])
[    0.616019] acpi PNP0A03:00: _OSC: OS supports [ASPM ClockPM Segments MSI]
[    0.628561] acpi PNP0A03:00: _OSC: not requesting OS control; OS requires [ExtendedConfig ASPM ClockPM MSI]
[    0.640034] acpi PNP0A03:00: fail to add MMCONFIG information, can't access extended PCI configuration space under this bridge.
[    0.656695] PCI host bridge to bus 0000:00
[    0.664011] pci_bus 0000:00: root bus resource [io  0x0000-0x0cf7 window]
[    0.672012] pci_bus 0000:00: root bus resource [io  0x0d00-0xffff window]
[    0.680011] pci_bus 0000:00: root bus resource [mem 0x000a0000-0x000bffff window]
[    0.692008] pci_bus 0000:00: root bus resource [mem 0xe0000000-0xfdffffff window]
[    0.704008] pci_bus 0000:00: root bus resource [bus 00-ff]
[    0.725340] pci 0000:00:01.1: legacy IDE quirk: reg 0x10: [io  0x01f0-0x01f7]
[    0.736007] pci 0000:00:01.1: legacy IDE quirk: reg 0x14: [io  0x03f6]
[    0.744006] pci 0000:00:01.1: legacy IDE quirk: reg 0x18: [io  0x0170-0x0177]
[    0.756011] pci 0000:00:01.1: legacy IDE quirk: reg 0x1c: [io  0x0376]
[    0.801703] pci 0000:00:07.0: quirk: [io  0x4000-0x403f] claimed by PIIX4 ACPI
[    0.812073] pci 0000:00:07.0: quirk: [io  0x4100-0x410f] claimed by PIIX4 SMB
[    0.842672] ACPI: PCI Interrupt Link [LNKA] (IRQs 5 9 10 *11)
[    0.853015] ACPI: PCI Interrupt Link [LNKB] (IRQs 5 9 *10 11)
[    0.860378] ACPI: PCI Interrupt Link [LNKC] (IRQs 5 *9 10 11)
[    0.872372] ACPI: PCI Interrupt Link [LNKD] (IRQs 5 9 10 *11)
[    0.881034] SCSI subsystem initialized
[    0.888302] pci 0000:00:02.0: vgaarb: setting as boot VGA device
[    0.892000] pci 0000:00:02.0: vgaarb: VGA device added: decodes=io+mem,owns=io+mem,locks=none
[    0.904011] pci 0000:00:02.0: vgaarb: bridge control possible
[    0.916006] vgaarb: loaded
[    0.920060] ACPI: bus type USB registered
[    0.928138] usbcore: registered new interface driver usbfs
[    0.936019] usbcore: registered new interface driver hub
[    0.944021] usbcore: registered new device driver usb
[    0.952198] EDAC MC: Ver: 3.0.0
[    0.960188] PCI: Using ACPI for IRQ routing
[    0.965048] NetLabel: Initializing
[    0.972005] NetLabel:  domain hash size = 128
[    0.976006] NetLabel:  protocols = UNLABELED CIPSOv4 CALIPSO
[    0.984234] NetLabel:  unlabeled traffic allowed by default
[    0.996128] clocksource: Switched to clocksource kvm-clock
[    1.069009] VFS: Disk quotas dquot_6.6.0
[    1.076998] VFS: Dquot-cache hash table entries: 512 (order 0, 4096 bytes)
[    1.089602] AppArmor: AppArmor Filesystem Enabled
[    1.098769] pnp: PnP ACPI init
[    1.108508] pnp: PnP ACPI: found 3 devices
[    1.126937] clocksource: acpi_pm: mask: 0xffffff max_cycles: 0xffffff, max_idle_ns: 2085701024 ns
[    1.139954] NET: Registered protocol family 2
[    1.151880] IP idents hash table entries: 65536 (order: 7, 524288 bytes)
[    1.163241] TCP established hash table entries: 32768 (order: 6, 262144 bytes)
[    1.173356] TCP bind hash table entries: 32768 (order: 7, 524288 bytes)
[    1.185319] TCP: Hash tables configured (established 32768 bind 32768)
[    1.193995] UDP hash table entries: 2048 (order: 4, 65536 bytes)
[    1.203840] UDP-Lite hash table entries: 2048 (order: 4, 65536 bytes)
[    1.214792] NET: Registered protocol family 1
[    1.222766] pci 0000:00:00.0: Limiting direct PCI/PCI transfers
[    1.233119] pci 0000:00:01.0: Activating ISA DMA hang workarounds
[    1.242911] pci 0000:00:02.0: Video device with shadowed ROM at [mem 0x000c0000-0x000dffff]
[    1.253650] Unpacking initramfs...
[    2.147622] Freeing initrd memory: 19528K
[    2.153415] PCI-DMA: Using software bounce buffering for IO (SWIOTLB)
[    2.161555] software IO TLB: mapped [mem 0xdbff0000-0xdfff0000] (64MB)
[    2.168255] clocksource: tsc: mask: 0xffffffffffffffff max_cycles: 0x19f22e42037, max_idle_ns: 440795249997 ns
[    2.180547] platform rtc_cmos: registered platform RTC device (no PNP device found)
[    2.191548] Scanning for low memory corruption every 60 seconds
[    2.203224] Initialise system trusted keyrings
[    2.209960] Key type blacklist registered
[    2.216492] workingset: timestamp_bits=36 max_order=20 bucket_order=0
[    2.227016] zbud: loaded
[    2.232916] squashfs: version 4.0 (2009/01/31) Phillip Lougher
[    2.241966] fuse init (API version 7.26)
[    2.290758] Key type asymmetric registered
[    2.296797] Asymmetric key parser 'x509' registered
[    2.303489] Block layer SCSI generic (bsg) driver version 0.4 loaded (major 246)
[    2.314572] io scheduler noop registered
[    2.320222] io scheduler deadline registered
[    2.326568] io scheduler cfq registered (default)
[    2.334505] ACPI: AC Adapter [AC] (on-line)
[    2.341358] input: Power Button as /devices/LNXSYSTM:00/LNXPWRBN:00/input/input0
[    2.352397] ACPI: Power Button [PWRF]
[    2.359103] input: Sleep Button as /devices/LNXSYSTM:00/LNXSLPBN:00/input/input1
[    2.362668] ACPI: Sleep Button [SLPF]
[    2.378360] ACPI: Battery Slot [BAT0] (battery present)
[    2.386916] Serial: 8250/16550 driver, 32 ports, IRQ sharing enabled
[    2.426275] 00:02: ttyS0 at I/O 0x3f8 (irq = 4, base_baud = 115200) is a 16550A
[    2.467472] Linux agpgart interface v0.103
[    2.489209] loop: module loaded
[    2.498172] scsi host0: ata_piix
[    2.505105] scsi host1: ata_piix
[    2.510108] ata1: PATA max UDMA/33 cmd 0x1f0 ctl 0x3f6 bmdma 0xd000 irq 14
[    2.513896] ata2: PATA max UDMA/33 cmd 0x170 ctl 0x376 bmdma 0xd008 irq 15
[    2.531604] tun: Universal TUN/TAP device driver, 1.6
[    2.540423] PPP generic driver version 2.4.2
[    2.547899] ehci_hcd: USB 2.0 'Enhanced' Host Controller (EHCI) Driver
[    2.557496] ehci-pci: EHCI PCI platform driver
[    2.562725] ehci-platform: EHCI generic platform driver
[    2.568751] ohci_hcd: USB 1.1 'Open' Host Controller (OHCI) Driver
[    2.579104] ohci-pci: OHCI PCI platform driver
[    2.586731] ohci-platform: OHCI generic platform driver
[    2.595669] uhci_hcd: USB Universal Host Controller Interface driver
[    2.606698] i8042: PNP: PS/2 Controller [PNP0303:PS2K,PNP0f03:PS2M] at 0x60,0x64 irq 1,12
[    2.625897] serio: i8042 KBD port at 0x60,0x64 irq 1
[    2.635538] serio: i8042 AUX port at 0x60,0x64 irq 12
[    2.646559] mousedev: PS/2 mouse device common for all mice
[    2.662233] rtc_cmos rtc_cmos: rtc core: registered rtc_cmos as rtc0
[    2.673888] input: AT Translated Set 2 keyboard as /devices/platform/i8042/serio0/input/input2
[    2.687716] rtc_cmos rtc_cmos: alarms up to one day, 114 bytes nvram
[    2.697407] i2c /dev entries driver
[    2.702893] device-mapper: uevent: version 1.0.3
[    2.727973] device-mapper: ioctl: 4.37.0-ioctl (2017-09-20) initialised: dm-devel@redhat.com
[    2.772908] ledtrig-cpu: registered to indicate activity on CPUs
[    2.790394] NET: Registered protocol family 10
[    2.824382] Segment Routing with IPv6
[    2.832695] NET: Registered protocol family 17
[    2.840696] Key type dns_resolver registered
[    2.847432] mce: Using 0 MCE banks
[    2.852365] RAS: Correctable Errors collector initialized.
[    2.858580] sched_clock: Marking stable (2858318957, 0)->(4581710156, -1723391199)
[    2.876336] registered taskstats version 1
[    2.881524] Loading compiled-in X.509 certificates
[    2.896092] Loaded X.509 cert 'Build time autogenerated kernel key: b5b26778eaa3ab3a4a6cee031137706e947d12ad'
[    2.910761] Loaded X.509 cert 'Canonical Ltd. Live Patch Signing: 14df34d1a87cf37625abec039ef2bf521249b969'
[    2.925278] Loaded X.509 cert 'Canonical Ltd. Kernel Module Signing: 88f752e560a1e0737e31163a466ad7b70a850c19'
[    2.938362] blacklist: Loading compiled-in revocation X.509 certificates
[    2.948618] Loaded X.509 cert 'Canonical Ltd. Secure Boot Signing: 61482aa2830d0ab2ad5af10b7250da9033ddcef0'
[    2.964010] Loaded X.509 cert 'Canonical Ltd. Secure Boot Signing (2017): 242ade75ac4a15e50d50c84b0d45ff3eae707a03'
[    2.979266] Loaded X.509 cert 'Canonical Ltd. Secure Boot Signing (ESM 2018): 365188c1d374d6b07c3c8f240f8ef722433d6a8b'
[    2.993201] Loaded X.509 cert 'Canonical Ltd. Secure Boot Signing (2019): c0746fd6c5da3ae827864651ad66ae47fe24b3e8'
[    3.005830] Loaded X.509 cert 'Canonical Ltd. Secure Boot Signing (2021 v1): a8d54bbb3825cfb94fa13c9f8a594a195c107b8d'
[    3.019556] Loaded X.509 cert 'Canonical Ltd. Secure Boot Signing (2021 v2): 4cf046892d6fd3c9a5b03f98d845f90851dc6a8c'
[    3.036065] Loaded X.509 cert 'Canonical Ltd. Secure Boot Signing (2021 v3): 100437bb6de6e469b581e61cd66bce3ef4ed53af'
[    3.049783] Loaded X.509 cert 'Canonical Ltd. Secure Boot Signing (Ubuntu Core 2019): c1d57b8f6b743f23ee41f4f7ee292f06eecadfb9'
[    3.066859] zswap: loaded using pool lzo/zbud
[    3.091608] Key type big_key registered
[    3.098692] Key type trusted registered
[    3.112444] Key type encrypted registered
[    3.119209] AppArmor: AppArmor sha1 policy hashing enabled
[    3.127232] ima: No TPM chip found, activating TPM-bypass! (rc=-19)
[    3.137314] ima: Allocated hash algorithm: sha1
[    3.144796] evm: HMAC attrs: 0x1
[    3.151998]   Magic number: 0:471:94
[    3.158885] rtc_cmos rtc_cmos: setting system clock to 2024-11-24 20:05:07 UTC (1732478707)
[    3.171846] BIOS EDD facility v0.16 2004-Jun-25, 0 devices found
[    3.181230] EDD information not available.
[    3.195057] Freeing unused kernel image memory: 2480K
[    3.229298] Write protecting the kernel read-only data: 20480k
[    3.238631] Freeing unused kernel image memory: 2008K
[    3.248117] Freeing unused kernel image memory: 1820K
[    3.271959] x86/mm: Checked W+X mappings: passed, no W+X pages found.
Loading, please wait...
starting version 237
[    3.506374] e1000: Intel(R) PRO/1000 Network Driver - version 7.3.21-k8-NAPI
[    3.516890] e1000: Copyright (c) 1999-2006 Intel Corporation.
[    3.535005] Fusion MPT base driver 3.04.20
[    3.543238] Copyright (c) 1999-2008 LSI Corporation
[    3.595214] SSE version of gcm_enc/dec engaged.
[    3.609099] Fusion MPT SPI Host driver 3.04.20
[    3.727412] input: ImExPS/2 Generic Explorer Mouse as /devices/platform/i8042/serio1/input/input4
[    4.594267] e1000 0000:00:03.0 eth0: (PCI:33MHz:32-bit) 02:3b:7b:b7:3b:2d
[    4.604027] e1000 0000:00:03.0 eth0: Intel(R) PRO/1000 Network Connection
[    4.615994] mptbase: ioc0: Initiating bringup
[    4.735680] ioc0: LSI53C1030 A0: Capabilities={Initiator}
[    5.004915] scsi host2: ioc0: LSI53C1030 A0, FwRev=00000000h, Ports=1, MaxQ=256, IRQ=20
[    5.182591] scsi 2:0:0:0: Direct-Access     VBOX     HARDDISK         1.0  PQ: 0 ANSI: 5
[    5.252402] scsi target2:0:0: Beginning Domain Validation
[    5.273136] scsi target2:0:0: Domain Validation skipping write tests
[    5.282743] scsi target2:0:0: Ending Domain Validation
[    5.289767] scsi target2:0:0: asynchronous
[    5.297052] scsi 2:0:1:0: Direct-Access     VBOX     HARDDISK         1.0  PQ: 0 ANSI: 5
[    5.608451] scsi target2:0:1: Beginning Domain Validation
[    5.631165] scsi target2:0:1: Domain Validation skipping write tests
[    5.642255] scsi target2:0:1: Ending Domain Validation
[    5.652243] scsi target2:0:1: asynchronous
[    5.681914] sd 2:0:0:0: [sda] 83886080 512-byte logical blocks: (42.9 GB/40.0 GiB)
[    5.692420] sd 2:0:0:0: Attached scsi generic sg0 type 0
[    5.699726] sd 2:0:0:0: [sda] Write Protect is off
[    5.705613] sd 2:0:1:0: Attached scsi generic sg1 type 0
[    5.712510] sd 2:0:0:0: [sda] Incomplete mode parameter data
[    5.718976] sd 2:0:0:0: [sda] Assuming drive cache: write through
[    5.729711]  sda: sda1
[    5.735886] sd 2:0:0:0: [sda] Attached SCSI disk
[    5.744834] sd 2:0:1:0: [sdb] 20480 512-byte logical blocks: (10.5 MB/10.0 MiB)
[    5.753597] sd 2:0:1:0: [sdb] Write Protect is off
[    5.759961] sd 2:0:1:0: [sdb] Incomplete mode parameter data
[    5.767939] sd 2:0:1:0: [sdb] Assuming drive cache: write through
[    5.784995] sd 2:0:1:0: [sdb] Attached SCSI disk
[    6.101873] e1000 0000:00:08.0 eth1: (PCI:33MHz:32-bit) 08:00:27:38:1d:d2
[    6.109249] e1000 0000:00:08.0 eth1: Intel(R) PRO/1000 Network Connection
[    6.120552] e1000 0000:00:03.0 enp0s3: renamed from eth0
[    6.140911] e1000 0000:00:08.0 enp0s8: renamed from eth1
[  608.681507] INFO: rcu_sched self-detected stall on CPU
[  608.682199] INFO: rcu_sched detected stalls on CPUs/tasks:
[  608.694953] 	0-...!: (1 ticks this GP) idle=6a6/1/0 softirq=912/912 fqs=0 
[  608.710339] 	 (t=150634 jiffies g=-118 c=-119 q=83)
[  608.711335] 	0-...!: (1 ticks this GP) idle=6a6/1/0 softirq=912/912 fqs=0 
[  608.718592] rcu_sched kthread starved for 150634 jiffies! g18446744073709551498 c18446744073709551497 f0x0 RCU_GP_WAIT_FQS(3) ->state=0x402 ->cpu=1
[  608.725069] 	(detected by 1, t=150634 jiffies, g=-118, c=-119, q=83)
[  608.738368] rcu_sched       I    0     8      2 0x80000000
[  608.745387] Sending NMI from CPU 1 to CPUs 0:
[  608.752874] Call Trace:
[  608.771457] NMI backtrace for cpu 0
[  608.771489] CPU: 0 PID: 0 Comm: swapper/0 Not tainted 4.15.0-212-generic #223-Ubuntu
[  608.771489] Hardware name: innotek GmbH VirtualBox/VirtualBox, BIOS VirtualBox 12/01/2006
[  608.771490] RIP: 0010:io_serial_in+0x18/0x20
[  608.771490] RSP: 0018:ffff9801dfc03ad8 EFLAGS: 00010002
[  608.771491] RAX: ffffffff94820b60 RBX: ffffffff95d16e60 RCX: 0000000000000000
[  608.771492] RDX: 00000000000003fd RSI: 0000000000000005 RDI: ffffffff95d16e60
[  608.771492] RBP: ffff9801dfc03ad8 R08: 0000000000000000 R09: 0000000000000007
[  608.771492] R10: 0000000000000000 R11: ffffffff95b6a80d R12: 0000000000002710
[  608.771493] R13: 0000000000000020 R14: ffffffff95b6a808 R15: ffffffff95d16e60
[  608.771493] FS:  0000000000000000(0000) GS:ffff9801dfc00000(0000) knlGS:0000000000000000
[  608.771494] CS:  0010 DS: 0000 ES: 0000 CR0: 0000000080050033
[  608.771494] CR2: 0000563ae895eac8 CR3: 00000000adc0a006 CR4: 00000000000206f0
[  608.771494] Call Trace:
[  608.771495]  <IRQ>
[  608.771495]  wait_for_xmitr+0x47/0xb0
[  608.771495]  serial8250_console_putchar+0x1c/0x40
[  608.771495]  ? wait_for_xmitr+0xb0/0xb0
[  608.771496]  uart_console_write+0x4c/0x60
[  608.771496]  serial8250_console_write+0x10a/0x2a0
[  608.771496]  ? msg_print_text+0x80/0x100
[  608.771497]  univ8250_console_write+0x21/0x30
[  608.771497]  console_unlock+0x3cf/0x560
[  608.771497]  vprintk_emit+0x134/0x2c0
[  608.771498]  vprintk_default+0x29/0x50
[  608.771498]  vprintk_func+0x47/0xc0
[  608.771498]  printk+0x52/0x6e
[  608.771499]  show_trace_log_lvl+0x8c/0x3d0
[  608.771499]  ? vprintk_default+0x29/0x50
[  608.771499]  ? vprintk_func+0x47/0xc0
[  608.771500]  show_stack+0x34/0x50
[  608.771500]  sched_show_task+0xfe/0x130
[  608.771500]  rcu_check_gp_kthread_starvation+0xad/0xc0
[  608.771501]  rcu_check_callbacks+0x6c5/0x8e0
[  608.771501]  ? rcu_advance_cbs+0x45/0x60
[  608.771501]  ? tick_sched_do_timer+0x50/0x50
[  608.771501]  update_process_times+0x2f/0x60
[  608.771502]  tick_sched_handle+0x26/0x70
[  608.771502]  ? tick_sched_do_timer+0x50/0x50
[  608.771502]  tick_sched_timer+0x39/0x80
[  608.771503]  __hrtimer_run_queues+0xdf/0x230
[  608.771503]  hrtimer_interrupt+0x97/0x180
[  608.771503]  smp_apic_timer_interrupt+0x6f/0x140
[  608.771504]  apic_timer_interrupt+0x90/0xa0
[  608.771504]  </IRQ>
[  608.771504] RIP: 0010:native_safe_halt+0x12/0x20
[  608.771505] RSP: 0018:ffffffff95603e28 EFLAGS: 00010246 ORIG_RAX: ffffffffffffff11
[  608.771506] RAX: ffffffff94bcfa40 RBX: 0000000000000000 RCX: 0000000000000000
[  608.771506] RDX: 0000000000000000 RSI: 0000000000000000 RDI: 0000000000000000
[  608.771523] RBP: ffffffff95603e28 R08: 0000000000000002 R09: 0000000000000001
[  608.771524] R10: 0000000000100000 R11: 0000000000000229 R12: 0000000000000000
[  608.771525] R13: 0000000000000000 R14: 0000000000000000 R15: 0000000000000000
[  608.771525]  ? __sched_text_end+0x1/0x1
[  608.771525]  default_idle+0x20/0x100
[  608.771526]  arch_cpu_idle+0x15/0x20
[  608.771526]  default_idle_call+0x23/0x30
[  608.771526]  do_idle+0x172/0x1f0
[  608.771527]  cpu_startup_entry+0x73/0x80
[  608.771527]  rest_init+0xae/0xb0
[  608.771527]  start_kernel+0x4c9/0x4ed
[  608.771528]  x86_64_start_reservations+0x24/0x26
[  608.771528]  x86_64_start_kernel+0x8e/0x91
[  608.771528]  secondary_startup_64+0xa5/0xb0
[  608.771528] Code: 48 89 e5 d3 e6 48 63 f6 48 03 77 10 8b 06 5d c3 0f 1f 00 0f 1f 44 00 00 0f b6 8f a1 00 00 00 8b 57 08 55 48 89 e5 d3 e6 01 f2 ec <0f> b6 c0 5d c3 0f 1f 00 0f 1f 44 00 00 0f b6 8f a1 00 00 00 89 
[  608.771538] INFO: NMI handler (nmi_cpu_backtrace_handler) took too long to run: 10.867 msecs
[  608.771542] rcu_sched kthread starved for 150634 jiffies! g18446744073709551498 c18446744073709551497 f0x0 RCU_GP_WAIT_FQS(3) ->state=0x402 ->cpu=1
[  608.773691]  __schedule+0x24e/0x890
[  608.777893] rcu_sched       I    0     8      2 0x80000000
[  608.788189]  schedule+0x2c/0x80
[  608.788193]  schedule_timeout+0x15d/0x370
[  608.796158] Call Trace:
[  608.802167]  ? __next_timer_interrupt+0xe0/0xe0
[  608.807134]  __schedule+0x24e/0x890
[  608.814102]  rcu_gp_kthread+0x53a/0x980
[  608.820645]  schedule+0x2c/0x80
[  608.827714]  kthread+0x121/0x140
[  608.837540]  schedule_timeout+0x15d/0x370
[  608.845733]  ? rcu_note_context_switch+0x150/0x150
[  608.855434]  ? __next_timer_interrupt+0xe0/0xe0
[  608.861679]  ? kthread_create_worker_on_cpu+0x70/0x70
[  608.872299]  rcu_gp_kthread+0x53a/0x980
[  608.875476]  ret_from_fork+0x1f/0x40
[  608.878205]  kthread+0x121/0x140
[  608.883760] NMI backtrace for cpu 0
[  608.887420]  ? rcu_note_context_switch+0x150/0x150
[  608.890674] CPU: 0 PID: 0 Comm: swapper/0 Not tainted 4.15.0-212-generic #223-Ubuntu
[  608.894629]  ? kthread_create_worker_on_cpu+0x70/0x70
[  608.898950] Hardware name: innotek GmbH VirtualBox/VirtualBox, BIOS VirtualBox 12/01/2006
[  608.902803]  ret_from_fork+0x1f/0x40
[  608.907177] Call Trace:
[  609.225552]  <IRQ>
[  609.227748]  dump_stack+0x6d/0x8b
[  609.231000]  nmi_cpu_backtrace+0x94/0xa0
[  609.234735]  ? lapic_can_unplug_cpu+0xb0/0xb0
[  609.238854]  nmi_trigger_cpumask_backtrace+0xe7/0x130
[  609.244181]  arch_trigger_cpumask_backtrace+0x19/0x20
[  609.249686]  rcu_dump_cpu_stacks+0xa3/0xd5
[  609.253567]  rcu_check_callbacks+0x6cd/0x8e0
[  609.257325]  ? rcu_advance_cbs+0x45/0x60
[  609.260784]  ? tick_sched_do_timer+0x50/0x50
[  609.264769]  update_process_times+0x2f/0x60
[  609.269197]  tick_sched_handle+0x26/0x70
[  609.273325]  ? tick_sched_do_timer+0x50/0x50
[  609.277128]  tick_sched_timer+0x39/0x80
[  609.280894]  __hrtimer_run_queues+0xdf/0x230
[  609.285531]  hrtimer_interrupt+0x97/0x180
[  609.289242]  smp_apic_timer_interrupt+0x6f/0x140
[  609.293653]  apic_timer_interrupt+0x90/0xa0
[  609.297657]  </IRQ>
[  609.299729] RIP: 0010:native_safe_halt+0x12/0x20
[  609.305057] RSP: 0018:ffffffff95603e28 EFLAGS: 00010246 ORIG_RAX: ffffffffffffff11
[  609.313046] RAX: ffffffff94bcfa40 RBX: 0000000000000000 RCX: 0000000000000000
[  609.320999] RDX: 0000000000000000 RSI: 0000000000000000 RDI: 0000000000000000
[  609.328227] RBP: ffffffff95603e28 R08: 0000000000000002 R09: 0000000000000001
[  609.335371] R10: 0000000000100000 R11: 0000000000000229 R12: 0000000000000000
[  609.342442] R13: 0000000000000000 R14: 0000000000000000 R15: 0000000000000000
[  609.349333]  ? __sched_text_end+0x1/0x1
[  609.362899]  default_idle+0x20/0x100
[  609.375444]  arch_cpu_idle+0x15/0x20
[  609.383514]  default_idle_call+0x23/0x30
[  609.386977]  do_idle+0x172/0x1f0
[  609.389664]  cpu_startup_entry+0x73/0x80
[  609.393162]  rest_init+0xae/0xb0
[  609.395913]  start_kernel+0x4c9/0x4ed
[  609.399030]  x86_64_start_reservations+0x24/0x26
[  609.403242]  x86_64_start_kernel+0x8e/0x91
[  609.406827]  secondary_startup_64+0xa5/0xb0
Begin: Loading essential drivers ... [  613.658367] raid6: sse2x1   gen() 175988 MB/s
[  613.720363] raid6: sse2x1   xor()  5291 MB/s
[  613.774794] raid6: sse2x2   gen()  5200 MB/s
[  613.837188] raid6: sse2x2   xor()  9570 MB/s
[  613.889701] raid6: sse2x4   gen() 11762 MB/s
[  613.952735] raid6: sse2x4   xor()  9897 MB/s
[  613.957094] raid6: using algorithm sse2x1 gen() 175988 MB/s
[  613.963109] raid6: .... xor() 5291 MB/s, rmw enabled
[  613.968182] raid6: using ssse3x2 recovery algorithm
[  613.977148] xor: measuring software checksum speed
[  614.020766]    prefetch64-sse: 14432.000 MB/sec
[  614.064271]    generic_sse:  9949.000 MB/sec
[  614.071184] xor: using function: prefetch64-sse (14432.000 MB/sec)
[  614.082444] async_tx: api initialized (async)
done.
Begin: Running /scripts/init-premount ... done.
Begin: Mounting root file system ... Begin: Running /scripts/local-top ... done.
Begin: Running /scripts/local-premount ... [  614.359014] Btrfs loaded, crc32c=crc32c-intel
Scanning for Btrfs filesystems
done.
Warning: fsck not present, so skipping root file system
[  614.511226] EX